<?xml version="1.0" encoding="UTF-8"?>
<!-- Generated by org.testng.reporters.JUnitXMLReporter -->
<testsuite ignored="0" hostname="KD-AsusTG" failures="0" tests="3" name="Default test" time="0.053" errors="0" timestamp="2021-01-31T14:44:55 IST">
  <testcase classname="git_Pack01.SimpleTest" name="anotherSimpleTest" time="0.008"/>
  <testcase classname="git_Pack01.SimpleTest" name="newBranchTest" time="0.001"/>
  <testcase classname="git_Pack01.SimpleTest" name="printSimpleTest" time="0.003"/>
</testsuite> <!-- Default test -->
