<?xml version="1.0" encoding="UTF-8"?>
<!-- Generated by org.testng.reporters.JUnitXMLReporter -->
<testsuite hostname="KD-AsusTG" ignored="0" name="Default test" tests="3" failures="0" timestamp="2021-01-31T15:03:30 IST" time="0.037" errors="0">
  <testcase name="anotherSimpleTest" time="0.006" classname="git_Pack01.SimpleTest"/>
  <testcase name="newBranchTest" time="0.001" classname="git_Pack01.SimpleTest"/>
  <testcase name="printSimpleTest" time="0.001" classname="git_Pack01.SimpleTest"/>
</testsuite> <!-- Default test -->
