<?xml version="1.0" encoding="UTF-8"?>
<testng-results skipped="0" failed="0" ignored="0" total="1" passed="1">
  <reporter-output>
  </reporter-output>
  <suite name="Default suite" duration-ms="35" started-at="2021-01-29T00:00:46 IST" finished-at="2021-01-29T00:00:46 IST">
    <groups>
    </groups>
    <test name="Default test" duration-ms="35" started-at="2021-01-29T00:00:46 IST" finished-at="2021-01-29T00:00:46 IST">
      <class name="git_Pack01.SimpleTest">
        <test-method status="PASS" signature="printSimpleTest()[pri:0, instance:git_Pack01.SimpleTest@9660f4e]" name="printSimpleTest" duration-ms="6" started-at="2021-01-29T00:00:46 IST" finished-at="2021-01-29T00:00:46 IST">
          <reporter-output>
          </reporter-output>
        </test-method> <!-- printSimpleTest -->
      </class> <!-- git_Pack01.SimpleTest -->
    </test> <!-- Default test -->
  </suite> <!-- Default suite -->
</testng-results>
